<?xml version="1.0" encoding="UTF-8"?>
<!-- Generated by org.testng.reporters.JUnitReportReporter -->
<testsuite hostname="kprabhakar" failures="0" tests="1" name="org.wipro.TestRunner.DemoNG" time="17.522" errors="0" timestamp="2025-03-12T11:55:10 IST" skipped="0">
  <testcase classname="org.wipro.TestRunner.DemoNG" name="runScenario" time="17.522"/>
</testsuite> <!-- org.wipro.TestRunner.DemoNG -->
