<?xml version="1.0" encoding="UTF-8"?>
<!-- Generated by org.testng.reporters.JUnitReportReporter -->
<testsuite hostname="kprabhakar" failures="0" tests="1" name="org.wipro.TestCaseDemo.Test3" time="17.939" errors="0" timestamp="2025-03-05T11:38:02 IST" skipped="0">
  <testcase classname="org.wipro.TestCaseDemo.Test3" name="TestMenu" time="17.939"/>
  <system-out>
    <![CDATA[Screenshot taken by name title]]>
  </system-out>
</testsuite> <!-- org.wipro.TestCaseDemo.Test3 -->
