<?xml version="1.0" encoding="UTF-8"?>
<!-- Generated by org.testng.reporters.JUnitReportReporter -->
<testsuite hostname="kprabhakar" failures="0" tests="1" name="org.wipro.TestCaseDemo.Test2" time="20.065" errors="0" timestamp="2025-03-05T11:38:02 IST" skipped="0">
  <testcase classname="org.wipro.TestCaseDemo.Test2" name="Testloginbutton" time="20.065"/>
  <system-out>
    <![CDATA[Screenshot taken by name title]]>
  </system-out>
</testsuite> <!-- org.wipro.TestCaseDemo.Test2 -->
